<?xml version="1.0" encoding="UTF-8"?>
<!-- Generated by org.testng.reporters.JUnitXMLReporter -->
<testsuite ignored="0" hostname="VivanPC" failures="6" tests="6" name="ParallelTest(failed)" time="11.98" errors="0" timestamp="2023-12-17T21:57:28 IST">
  <testcase classname="io.cucumber.testng.AbstractTestNGCucumberTests" name="runScenario" time="5.233">
    <failure type="java.lang.AssertionError" message="expected [true] but found [false]">
      <![CDATA[java.lang.AssertionError: expected [true] but found [false]
at org.alpha.test.stepDefs.LoginPage_Step.free_popup_window_should_be_closed(LoginPage_Step.java:41)
at ✽.free popup window should be closed(file:///C:/Users/basub/Desktop/BB_Automation/Selenium_Workspace/project/src/test/resources/features/FirstTestCase_FF.feature:18)
... Removed 4 stack frames]]>
    </failure>
  </testcase> <!-- runScenario -->
  <testcase classname="io.cucumber.testng.AbstractTestNGCucumberTests" name="runScenario" time="5.233">
    <failure type="java.lang.AssertionError" message="expected [true] but found [false]">
      <![CDATA[java.lang.AssertionError: expected [true] but found [false]
at org.alpha.test.stepDefs.LoginPage_Step.free_popup_window_should_be_closed(LoginPage_Step.java:41)
at ✽.free popup window should be closed(file:///C:/Users/basub/Desktop/BB_Automation/Selenium_Workspace/project/src/test/resources/features/FirstTestCase_FF.feature:12)
... Removed 4 stack frames]]>
    </failure>
  </testcase> <!-- runScenario -->
  <testcase classname="io.cucumber.testng.AbstractTestNGCucumberTests" name="runScenario" time="5.342">
    <failure type="java.lang.AssertionError" message="expected [true] but found [false]">
      <![CDATA[java.lang.AssertionError: expected [true] but found [false]
at org.alpha.test.stepDefs.LoginPage_Step.free_popup_window_should_be_closed(LoginPage_Step.java:41)
at ✽.free popup window should be closed(file:///C:/Users/basub/Desktop/BB_Automation/Selenium_Workspace/project/src/test/resources/features/FirstTestCase.feature:12)
... Removed 4 stack frames]]>
    </failure>
  </testcase> <!-- runScenario -->
  <testcase classname="io.cucumber.testng.AbstractTestNGCucumberTests" name="runScenario" time="5.882">
    <failure type="java.lang.AssertionError" message="expected [true] but found [false]">
      <![CDATA[java.lang.AssertionError: expected [true] but found [false]
at org.alpha.test.stepDefs.LoginPage_Step.free_popup_window_should_be_closed(LoginPage_Step.java:41)
at ✽.free popup window should be closed(file:///C:/Users/basub/Desktop/BB_Automation/Selenium_Workspace/project/src/test/resources/features/FirstTestCase.feature:24)
... Removed 4 stack frames]]>
    </failure>
  </testcase> <!-- runScenario -->
  <testcase classname="io.cucumber.testng.AbstractTestNGCucumberTests" name="runScenario" time="6.089">
    <failure type="java.lang.AssertionError" message="expected [true] but found [false]">
      <![CDATA[java.lang.AssertionError: expected [true] but found [false]
at org.alpha.test.stepDefs.LoginPage_Step.free_popup_window_should_be_closed(LoginPage_Step.java:41)
at ✽.free popup window should be closed(file:///C:/Users/basub/Desktop/BB_Automation/Selenium_Workspace/project/src/test/resources/features/FirstTestCase_FF.feature:24)
... Removed 4 stack frames]]>
    </failure>
  </testcase> <!-- runScenario -->
  <testcase classname="io.cucumber.testng.AbstractTestNGCucumberTests" name="runScenario" time="8.955">
    <failure type="java.lang.AssertionError" message="expected [true] but found [false]">
      <![CDATA[java.lang.AssertionError: expected [true] but found [false]
at org.alpha.test.stepDefs.LoginPage_Step.free_popup_window_should_be_closed(LoginPage_Step.java:41)
at ✽.free popup window should be closed(file:///C:/Users/basub/Desktop/BB_Automation/Selenium_Workspace/project/src/test/resources/features/FirstTestCase.feature:18)
... Removed 4 stack frames]]>
    </failure>
  </testcase> <!-- runScenario -->
</testsuite> <!-- ParallelTest(failed) -->
